{"/home/sky/Desktop/FullStackOpen/part2/exercises/src/App.jsx": {"path":"/home/sky/Desktop/FullStackOpen/part2/exercises/src/App.jsx","statementMap":{"0":{"start":{"line":10,"column":15},"end":{"line":26,"column":1}},"1":{"start":{"line":11,"column":22},"end":{"line":15,"column":3}},"2":{"start":{"line":16,"column":2},"end":{"line":25,"column":4}},"3":{"start":{"line":28,"column":12},"end":{"line":171,"column":1}},"4":{"start":{"line":29,"column":28},"end":{"line":29,"column":40}},"5":{"start":{"line":30,"column":32},"end":{"line":30,"column":46}},"6":{"start":{"line":31,"column":42},"end":{"line":31,"column":56}},"7":{"start":{"line":32,"column":34},"end":{"line":32,"column":46}},"8":{"start":{"line":33,"column":31},"end":{"line":33,"column":43}},"9":{"start":{"line":34,"column":23},"end":{"line":34,"column":37}},"10":{"start":{"line":36,"column":2},"end":{"line":43,"column":9}},"11":{"start":{"line":37,"column":4},"end":{"line":39,"column":7}},"12":{"start":{"line":38,"column":6},"end":{"line":38,"column":25}},"13":{"start":{"line":40,"column":4},"end":{"line":42,"column":13}},"14":{"start":{"line":41,"column":6},"end":{"line":41,"column":28}},"15":{"start":{"line":45,"column":2},"end":{"line":52,"column":7}},"16":{"start":{"line":46,"column":27},"end":{"line":46,"column":75}},"17":{"start":{"line":47,"column":4},"end":{"line":51,"column":5}},"18":{"start":{"line":48,"column":19},"end":{"line":48,"column":45}},"19":{"start":{"line":49,"column":6},"end":{"line":49,"column":19}},"20":{"start":{"line":50,"column":6},"end":{"line":50,"column":38}},"21":{"start":{"line":54,"column":22},"end":{"line":54,"column":78}},"22":{"start":{"line":54,"column":63},"end":{"line":54,"column":77}},"23":{"start":{"line":56,"column":19},"end":{"line":62,"column":3}},"24":{"start":{"line":57,"column":0},"end":{"line":57,"column":38}},"25":{"start":{"line":58,"column":4},"end":{"line":61,"column":7}},"26":{"start":{"line":59,"column":6},"end":{"line":59,"column":28}},"27":{"start":{"line":60,"column":6},"end":{"line":60,"column":39}},"28":{"start":{"line":64,"column":27},"end":{"line":82,"column":3}},"29":{"start":{"line":65,"column":4},"end":{"line":65,"column":55}},"30":{"start":{"line":66,"column":17},"end":{"line":66,"column":47}},"31":{"start":{"line":66,"column":35},"end":{"line":66,"column":46}},"32":{"start":{"line":67,"column":24},"end":{"line":67,"column":63}},"33":{"start":{"line":68,"column":4},"end":{"line":81,"column":9}},"34":{"start":{"line":71,"column":8},"end":{"line":71,"column":65}},"35":{"start":{"line":71,"column":35},"end":{"line":71,"column":61}},"36":{"start":{"line":74,"column":8},"end":{"line":76,"column":10}},"37":{"start":{"line":77,"column":8},"end":{"line":79,"column":17}},"38":{"start":{"line":78,"column":10},"end":{"line":78,"column":32}},"39":{"start":{"line":80,"column":8},"end":{"line":80,"column":51}},"40":{"start":{"line":80,"column":37},"end":{"line":80,"column":48}},"41":{"start":{"line":84,"column":22},"end":{"line":108,"column":3}},"42":{"start":{"line":85,"column":4},"end":{"line":85,"column":26}},"43":{"start":{"line":86,"column":4},"end":{"line":86,"column":26}},"44":{"start":{"line":87,"column":4},"end":{"line":107,"column":5}},"45":{"start":{"line":88,"column":19},"end":{"line":90,"column":8}},"46":{"start":{"line":91,"column":6},"end":{"line":93,"column":7}},"47":{"start":{"line":94,"column":6},"end":{"line":94,"column":38}},"48":{"start":{"line":95,"column":6},"end":{"line":95,"column":19}},"49":{"start":{"line":96,"column":6},"end":{"line":96,"column":21}},"50":{"start":{"line":97,"column":6},"end":{"line":97,"column":21}},"51":{"start":{"line":98,"column":6},"end":{"line":98,"column":46}},"52":{"start":{"line":99,"column":6},"end":{"line":101,"column":15}},"53":{"start":{"line":100,"column":8},"end":{"line":100,"column":30}},"54":{"start":{"line":103,"column":6},"end":{"line":103,"column":42}},"55":{"start":{"line":104,"column":6},"end":{"line":106,"column":14}},"56":{"start":{"line":105,"column":8},"end":{"line":105,"column":29}},"57":{"start":{"line":110,"column":20},"end":{"line":122,"column":3}},"58":{"start":{"line":111,"column":4},"end":{"line":121,"column":6}},"59":{"start":{"line":116,"column":48},"end":{"line":116,"column":73}},"60":{"start":{"line":117,"column":48},"end":{"line":117,"column":73}},"61":{"start":{"line":124,"column":22},"end":{"line":124,"column":30}},"62":{"start":{"line":126,"column":19},"end":{"line":134,"column":3}},"63":{"start":{"line":127,"column":4},"end":{"line":133,"column":6}},"64":{"start":{"line":136,"column":2},"end":{"line":170,"column":4}},"65":{"start":{"line":151,"column":10},"end":{"line":155,"column":12}},"66":{"start":{"line":154,"column":36},"end":{"line":154,"column":61}},"67":{"start":{"line":161,"column":12},"end":{"line":161,"column":33}}},"fnMap":{"0":{"name":"(anonymous_0)","decl":{"start":{"line":10,"column":15},"end":{"line":10,"column":16}},"loc":{"start":{"line":10,"column":21},"end":{"line":26,"column":1}},"line":10},"1":{"name":"(anonymous_1)","decl":{"start":{"line":28,"column":12},"end":{"line":28,"column":13}},"loc":{"start":{"line":28,"column":18},"end":{"line":171,"column":1}},"line":28},"2":{"name":"(anonymous_2)","decl":{"start":{"line":36,"column":12},"end":{"line":36,"column":13}},"loc":{"start":{"line":36,"column":18},"end":{"line":43,"column":3}},"line":36},"3":{"name":"(anonymous_3)","decl":{"start":{"line":37,"column":30},"end":{"line":37,"column":31}},"loc":{"start":{"line":37,"column":44},"end":{"line":39,"column":5}},"line":37},"4":{"name":"(anonymous_4)","decl":{"start":{"line":40,"column":15},"end":{"line":40,"column":16}},"loc":{"start":{"line":40,"column":21},"end":{"line":42,"column":5}},"line":40},"5":{"name":"(anonymous_5)","decl":{"start":{"line":45,"column":12},"end":{"line":45,"column":13}},"loc":{"start":{"line":45,"column":18},"end":{"line":52,"column":3}},"line":45},"6":{"name":"(anonymous_6)","decl":{"start":{"line":54,"column":53},"end":{"line":54,"column":54}},"loc":{"start":{"line":54,"column":63},"end":{"line":54,"column":77}},"line":54},"7":{"name":"(anonymous_7)","decl":{"start":{"line":56,"column":19},"end":{"line":56,"column":20}},"loc":{"start":{"line":56,"column":35},"end":{"line":62,"column":3}},"line":56},"8":{"name":"(anonymous_8)","decl":{"start":{"line":58,"column":40},"end":{"line":58,"column":41}},"loc":{"start":{"line":58,"column":54},"end":{"line":61,"column":5}},"line":58},"9":{"name":"(anonymous_9)","decl":{"start":{"line":64,"column":27},"end":{"line":64,"column":28}},"loc":{"start":{"line":64,"column":35},"end":{"line":82,"column":3}},"line":64},"10":{"name":"(anonymous_10)","decl":{"start":{"line":66,"column":28},"end":{"line":66,"column":29}},"loc":{"start":{"line":66,"column":35},"end":{"line":66,"column":46}},"line":66},"11":{"name":"(anonymous_11)","decl":{"start":{"line":70,"column":12},"end":{"line":70,"column":13}},"loc":{"start":{"line":70,"column":26},"end":{"line":72,"column":7}},"line":70},"12":{"name":"(anonymous_12)","decl":{"start":{"line":71,"column":27},"end":{"line":71,"column":28}},"loc":{"start":{"line":71,"column":35},"end":{"line":71,"column":61}},"line":71},"13":{"name":"(anonymous_13)","decl":{"start":{"line":73,"column":13},"end":{"line":73,"column":14}},"loc":{"start":{"line":73,"column":24},"end":{"line":81,"column":7}},"line":73},"14":{"name":"(anonymous_14)","decl":{"start":{"line":77,"column":19},"end":{"line":77,"column":20}},"loc":{"start":{"line":77,"column":25},"end":{"line":79,"column":9}},"line":77},"15":{"name":"(anonymous_15)","decl":{"start":{"line":80,"column":30},"end":{"line":80,"column":31}},"loc":{"start":{"line":80,"column":37},"end":{"line":80,"column":48}},"line":80},"16":{"name":"(anonymous_16)","decl":{"start":{"line":84,"column":22},"end":{"line":84,"column":23}},"loc":{"start":{"line":84,"column":39},"end":{"line":108,"column":3}},"line":84},"17":{"name":"(anonymous_17)","decl":{"start":{"line":99,"column":17},"end":{"line":99,"column":18}},"loc":{"start":{"line":99,"column":23},"end":{"line":101,"column":7}},"line":99},"18":{"name":"(anonymous_18)","decl":{"start":{"line":104,"column":17},"end":{"line":104,"column":18}},"loc":{"start":{"line":104,"column":23},"end":{"line":106,"column":7}},"line":104},"19":{"name":"(anonymous_19)","decl":{"start":{"line":110,"column":20},"end":{"line":110,"column":21}},"loc":{"start":{"line":110,"column":26},"end":{"line":122,"column":3}},"line":110},"20":{"name":"(anonymous_20)","decl":{"start":{"line":116,"column":32},"end":{"line":116,"column":33}},"loc":{"start":{"line":116,"column":48},"end":{"line":116,"column":73}},"line":116},"21":{"name":"(anonymous_21)","decl":{"start":{"line":117,"column":32},"end":{"line":117,"column":33}},"loc":{"start":{"line":117,"column":48},"end":{"line":117,"column":73}},"line":117},"22":{"name":"(anonymous_22)","decl":{"start":{"line":126,"column":19},"end":{"line":126,"column":20}},"loc":{"start":{"line":126,"column":25},"end":{"line":134,"column":3}},"line":126},"23":{"name":"(anonymous_23)","decl":{"start":{"line":150,"column":25},"end":{"line":150,"column":26}},"loc":{"start":{"line":151,"column":10},"end":{"line":155,"column":12}},"line":151},"24":{"name":"(anonymous_24)","decl":{"start":{"line":154,"column":30},"end":{"line":154,"column":31}},"loc":{"start":{"line":154,"column":36},"end":{"line":154,"column":61}},"line":154},"25":{"name":"(anonymous_25)","decl":{"start":{"line":160,"column":19},"end":{"line":160,"column":20}},"loc":{"start":{"line":160,"column":25},"end":{"line":162,"column":11}},"line":160}},"branchMap":{"0":{"loc":{"start":{"line":47,"column":4},"end":{"line":51,"column":5}},"type":"if","locations":[{"start":{"line":47,"column":4},"end":{"line":51,"column":5}},{"start":{},"end":{}}],"line":47},"1":{"loc":{"start":{"line":54,"column":22},"end":{"line":54,"column":78}},"type":"cond-expr","locations":[{"start":{"line":54,"column":32},"end":{"line":54,"column":37}},{"start":{"line":54,"column":40},"end":{"line":54,"column":78}}],"line":54},"2":{"loc":{"start":{"line":71,"column":35},"end":{"line":71,"column":61}},"type":"cond-expr","locations":[{"start":{"line":71,"column":49},"end":{"line":71,"column":50}},{"start":{"line":71,"column":53},"end":{"line":71,"column":61}}],"line":71},"3":{"loc":{"start":{"line":141,"column":7},"end":{"line":145,"column":16}},"type":"cond-expr","locations":[{"start":{"line":141,"column":23},"end":{"line":141,"column":34}},{"start":{"line":142,"column":8},"end":{"line":145,"column":16}}],"line":141},"4":{"loc":{"start":{"line":164,"column":15},"end":{"line":164,"column":46}},"type":"cond-expr","locations":[{"start":{"line":164,"column":25},"end":{"line":164,"column":37}},{"start":{"line":164,"column":40},"end":{"line":164,"column":46}}],"line":164}},"s":{"0":0,"1":0,"2":0,"3":0,"4":0,"5":0,"6":0,"7":0,"8":0,"9":0,"10":0,"11":0,"12":0,"13":0,"14":0,"15":0,"16":0,"17":0,"18":0,"19":0,"20":0,"21":0,"22":0,"23":0,"24":0,"25":0,"26":0,"27":0,"28":0,"29":0,"30":0,"31":0,"32":0,"33":0,"34":0,"35":0,"36":0,"37":0,"38":0,"39":0,"40":0,"41":0,"42":0,"43":0,"44":0,"45":0,"46":0,"47":0,"48":0,"49":0,"50":0,"51":0,"52":0,"53":0,"54":0,"55":0,"56":0,"57":0,"58":0,"59":0,"60":0,"61":0,"62":0,"63":0,"64":0,"65":0,"66":0,"67":0},"f":{"0":0,"1":0,"2":0,"3":0,"4":0,"5":0,"6":0,"7":0,"8":0,"9":0,"10":0,"11":0,"12":0,"13":0,"14":0,"15":0,"16":0,"17":0,"18":0,"19":0,"20":0,"21":0,"22":0,"23":0,"24":0,"25":0},"b":{"0":[0,0],"1":[0,0],"2":[0,0],"3":[0,0],"4":[0,0]}}
,"/home/sky/Desktop/FullStackOpen/part2/exercises/src/main.jsx": {"path":"/home/sky/Desktop/FullStackOpen/part2/exercises/src/main.jsx","statementMap":{"0":{"start":{"line":5,"column":0},"end":{"line":7,"column":2}}},"fnMap":{},"branchMap":{},"s":{"0":0},"f":{},"b":{}}
,"/home/sky/Desktop/FullStackOpen/part2/exercises/src/components/loginForm.jsx": {"path":"/home/sky/Desktop/FullStackOpen/part2/exercises/src/components/loginForm.jsx","statementMap":{"0":{"start":{"line":2,"column":18},"end":{"line":30,"column":1}},"1":{"start":{"line":9,"column":2},"end":{"line":29,"column":4}},"2":{"start":{"line":32,"column":0},"end":{"line":38,"column":2}}},"fnMap":{"0":{"name":"(anonymous_0)","decl":{"start":{"line":2,"column":18},"end":{"line":2,"column":19}},"loc":{"start":{"line":8,"column":6},"end":{"line":30,"column":1}},"line":8}},"branchMap":{},"s":{"0":0,"1":0,"2":0},"f":{"0":0},"b":{}}
,"/home/sky/Desktop/FullStackOpen/part2/exercises/src/components/note.jsx": {"path":"/home/sky/Desktop/FullStackOpen/part2/exercises/src/components/note.jsx","statementMap":{"0":{"start":{"line":1,"column":13},"end":{"line":6,"column":1}},"1":{"start":{"line":2,"column":12},"end":{"line":2,"column":65}},"2":{"start":{"line":3,"column":2},"end":{"line":5,"column":8}}},"fnMap":{"0":{"name":"(anonymous_0)","decl":{"start":{"line":1,"column":13},"end":{"line":1,"column":14}},"loc":{"start":{"line":1,"column":44},"end":{"line":6,"column":1}},"line":1}},"branchMap":{"0":{"loc":{"start":{"line":2,"column":12},"end":{"line":2,"column":65}},"type":"cond-expr","locations":[{"start":{"line":2,"column":27},"end":{"line":2,"column":48}},{"start":{"line":2,"column":49},"end":{"line":2,"column":65}}],"line":2}},"s":{"0":1,"1":3,"2":3},"f":{"0":3},"b":{"0":[3,0]},"_coverageSchema":"1a1c01bbd47fc00a2c39e90264f33305004495a9","hash":"d2b3bc413d736ff32680b927dcc82469932850af"}
,"/home/sky/Desktop/FullStackOpen/part2/exercises/src/components/noteForm.jsx": {"path":"/home/sky/Desktop/FullStackOpen/part2/exercises/src/components/noteForm.jsx","statementMap":{"0":{"start":{"line":3,"column":17},"end":{"line":30,"column":1}},"1":{"start":{"line":4,"column":32},"end":{"line":4,"column":44}},"2":{"start":{"line":6,"column":18},"end":{"line":14,"column":3}},"3":{"start":{"line":7,"column":4},"end":{"line":7,"column":27}},"4":{"start":{"line":8,"column":4},"end":{"line":11,"column":7}},"5":{"start":{"line":13,"column":4},"end":{"line":13,"column":19}},"6":{"start":{"line":16,"column":2},"end":{"line":29,"column":4}},"7":{"start":{"line":23,"column":31},"end":{"line":23,"column":61}}},"fnMap":{"0":{"name":"(anonymous_0)","decl":{"start":{"line":3,"column":17},"end":{"line":3,"column":18}},"loc":{"start":{"line":3,"column":37},"end":{"line":30,"column":1}},"line":3},"1":{"name":"(anonymous_1)","decl":{"start":{"line":6,"column":18},"end":{"line":6,"column":19}},"loc":{"start":{"line":6,"column":29},"end":{"line":14,"column":3}},"line":6},"2":{"name":"(anonymous_2)","decl":{"start":{"line":23,"column":20},"end":{"line":23,"column":21}},"loc":{"start":{"line":23,"column":31},"end":{"line":23,"column":61}},"line":23}},"branchMap":{},"s":{"0":1,"1":19,"2":19,"3":1,"4":1,"5":1,"6":19,"7":17},"f":{"0":19,"1":1,"2":17},"b":{},"_coverageSchema":"1a1c01bbd47fc00a2c39e90264f33305004495a9","hash":"d2d6b4796075c1c4a7e3ab41071e2e3eea67c035"}
,"/home/sky/Desktop/FullStackOpen/part2/exercises/src/components/notification.jsx": {"path":"/home/sky/Desktop/FullStackOpen/part2/exercises/src/components/notification.jsx","statementMap":{"0":{"start":{"line":1,"column":21},"end":{"line":7,"column":1}},"1":{"start":{"line":2,"column":2},"end":{"line":4,"column":3}},"2":{"start":{"line":3,"column":4},"end":{"line":3,"column":16}},"3":{"start":{"line":6,"column":2},"end":{"line":6,"column":48}}},"fnMap":{"0":{"name":"(anonymous_0)","decl":{"start":{"line":1,"column":21},"end":{"line":1,"column":22}},"loc":{"start":{"line":1,"column":38},"end":{"line":7,"column":1}},"line":1}},"branchMap":{"0":{"loc":{"start":{"line":2,"column":2},"end":{"line":4,"column":3}},"type":"if","locations":[{"start":{"line":2,"column":2},"end":{"line":4,"column":3}},{"start":{},"end":{}}],"line":2}},"s":{"0":0,"1":0,"2":0,"3":0},"f":{"0":0},"b":{"0":[0,0]}}
,"/home/sky/Desktop/FullStackOpen/part2/exercises/src/components/togglable.jsx": {"path":"/home/sky/Desktop/FullStackOpen/part2/exercises/src/components/togglable.jsx","statementMap":{"0":{"start":{"line":4,"column":18},"end":{"line":30,"column":2}},"1":{"start":{"line":5,"column":32},"end":{"line":5,"column":47}},"2":{"start":{"line":7,"column":26},"end":{"line":7,"column":60}},"3":{"start":{"line":8,"column":26},"end":{"line":8,"column":60}},"4":{"start":{"line":10,"column":27},"end":{"line":12,"column":3}},"5":{"start":{"line":11,"column":4},"end":{"line":11,"column":25}},"6":{"start":{"line":14,"column":2},"end":{"line":16,"column":4}},"7":{"start":{"line":15,"column":4},"end":{"line":15,"column":29}},"8":{"start":{"line":18,"column":2},"end":{"line":29,"column":4}},"9":{"start":{"line":32,"column":0},"end":{"line":34,"column":2}},"10":{"start":{"line":35,"column":0},"end":{"line":35,"column":35}}},"fnMap":{"0":{"name":"(anonymous_0)","decl":{"start":{"line":4,"column":29},"end":{"line":4,"column":30}},"loc":{"start":{"line":4,"column":45},"end":{"line":30,"column":1}},"line":4},"1":{"name":"(anonymous_1)","decl":{"start":{"line":10,"column":27},"end":{"line":10,"column":28}},"loc":{"start":{"line":10,"column":33},"end":{"line":12,"column":3}},"line":10},"2":{"name":"(anonymous_2)","decl":{"start":{"line":14,"column":28},"end":{"line":14,"column":29}},"loc":{"start":{"line":14,"column":34},"end":{"line":16,"column":3}},"line":14}},"branchMap":{"0":{"loc":{"start":{"line":7,"column":37},"end":{"line":7,"column":58}},"type":"cond-expr","locations":[{"start":{"line":7,"column":47},"end":{"line":7,"column":53}},{"start":{"line":7,"column":56},"end":{"line":7,"column":58}}],"line":7},"1":{"loc":{"start":{"line":8,"column":37},"end":{"line":8,"column":58}},"type":"cond-expr","locations":[{"start":{"line":8,"column":47},"end":{"line":8,"column":49}},{"start":{"line":8,"column":52},"end":{"line":8,"column":58}}],"line":8}},"s":{"0":1,"1":7,"2":7,"3":7,"4":7,"5":3,"6":7,"7":0,"8":7,"9":1,"10":1},"f":{"0":7,"1":3,"2":0},"b":{"0":[2,5],"1":[2,5]},"_coverageSchema":"1a1c01bbd47fc00a2c39e90264f33305004495a9","hash":"1e58176b7f347e915fecd9e1212e8b23a84eacfb"}
,"/home/sky/Desktop/FullStackOpen/part2/exercises/src/services/login.js": {"path":"/home/sky/Desktop/FullStackOpen/part2/exercises/src/services/login.js","statementMap":{"0":{"start":{"line":2,"column":16},"end":{"line":2,"column":28}},"1":{"start":{"line":3,"column":14},"end":{"line":6,"column":1}},"2":{"start":{"line":4,"column":21},"end":{"line":4,"column":59}},"3":{"start":{"line":5,"column":4},"end":{"line":5,"column":24}}},"fnMap":{"0":{"name":"(anonymous_0)","decl":{"start":{"line":3,"column":14},"end":{"line":3,"column":15}},"loc":{"start":{"line":3,"column":35},"end":{"line":6,"column":1}},"line":3}},"branchMap":{},"s":{"0":0,"1":0,"2":0,"3":0},"f":{"0":0},"b":{}}
,"/home/sky/Desktop/FullStackOpen/part2/exercises/src/services/notes.js": {"path":"/home/sky/Desktop/FullStackOpen/part2/exercises/src/services/notes.js","statementMap":{"0":{"start":{"line":2,"column":16},"end":{"line":2,"column":28}},"1":{"start":{"line":4,"column":12},"end":{"line":4,"column":16}},"2":{"start":{"line":6,"column":17},"end":{"line":8,"column":1}},"3":{"start":{"line":7,"column":4},"end":{"line":7,"column":32}},"4":{"start":{"line":10,"column":15},"end":{"line":14,"column":1}},"5":{"start":{"line":12,"column":20},"end":{"line":12,"column":38}},"6":{"start":{"line":13,"column":4},"end":{"line":13,"column":50}},"7":{"start":{"line":13,"column":36},"end":{"line":13,"column":49}},"8":{"start":{"line":16,"column":15},"end":{"line":22,"column":1}},"9":{"start":{"line":17,"column":19},"end":{"line":19,"column":5}},"10":{"start":{"line":20,"column":21},"end":{"line":20,"column":65}},"11":{"start":{"line":21,"column":4},"end":{"line":21,"column":24}},"12":{"start":{"line":24,"column":15},"end":{"line":27,"column":1}},"13":{"start":{"line":25,"column":20},"end":{"line":25,"column":60}},"14":{"start":{"line":26,"column":4},"end":{"line":26,"column":50}},"15":{"start":{"line":26,"column":36},"end":{"line":26,"column":49}}},"fnMap":{"0":{"name":"(anonymous_0)","decl":{"start":{"line":6,"column":17},"end":{"line":6,"column":18}},"loc":{"start":{"line":6,"column":31},"end":{"line":8,"column":1}},"line":6},"1":{"name":"(anonymous_1)","decl":{"start":{"line":10,"column":15},"end":{"line":10,"column":16}},"loc":{"start":{"line":10,"column":21},"end":{"line":14,"column":1}},"line":10},"2":{"name":"(anonymous_2)","decl":{"start":{"line":13,"column":24},"end":{"line":13,"column":25}},"loc":{"start":{"line":13,"column":36},"end":{"line":13,"column":49}},"line":13},"3":{"name":"(anonymous_3)","decl":{"start":{"line":16,"column":15},"end":{"line":16,"column":16}},"loc":{"start":{"line":16,"column":35},"end":{"line":22,"column":1}},"line":16},"4":{"name":"(anonymous_4)","decl":{"start":{"line":24,"column":15},"end":{"line":24,"column":16}},"loc":{"start":{"line":24,"column":34},"end":{"line":27,"column":1}},"line":24},"5":{"name":"(anonymous_5)","decl":{"start":{"line":26,"column":24},"end":{"line":26,"column":25}},"loc":{"start":{"line":26,"column":36},"end":{"line":26,"column":49}},"line":26}},"branchMap":{},"s":{"0":0,"1":0,"2":0,"3":0,"4":0,"5":0,"6":0,"7":0,"8":0,"9":0,"10":0,"11":0,"12":0,"13":0,"14":0,"15":0},"f":{"0":0,"1":0,"2":0,"3":0,"4":0,"5":0},"b":{}}
}
